<?xml version="1.0" encoding="UTF-8"?>
<!-- Generated by org.testng.reporters.JUnitXMLReporter -->
<testsuite hostname="DESKTOP-8M99OO9" name="测试模块" tests="1" failures="1" timestamp="18 Mar 2020 14:08:30 GMT" time="1.022" errors="0">
  <testcase name="test1" time="0.588" classname="com.zk.test.APIautoTest">
    <failure type="com.alibaba.fastjson.JSONException" message="syntax error, pos 1, line 1, column 2&amp;lt;!DOCTYPE html&amp;gt;
&amp;lt;!--STATUS OK--&amp;gt;&amp;lt;html&amp;gt; &amp;lt;head&amp;gt;&amp;lt;meta http-equiv=content-type content=text/html;charset=utf-8&amp;gt;&amp;lt;meta http-equiv=X-UA-Compatible content=IE=Edge&amp;gt;&amp;lt;meta content=always name=referrer&amp;gt;&amp;lt;link rel=stylesheet type=text/css href=https://ss1.bdstatic.com/5eN1bjq8AAUYm2zgoY3K/r/www/cache/bdorz/baidu.min.css&amp;gt;&amp;lt;title&amp;gt;百度一下，你就知道&amp;lt;/title&amp;gt;&amp;lt;/head&amp;gt; &amp;lt;body link=#0000cc&amp;gt; &amp;lt;div id=wrapper&amp;gt; &amp;lt;div id=head&amp;gt; &amp;lt;div class=head_wrapper&amp;gt; &amp;lt;div class=s_form&amp;gt; &amp;lt;div class=s_form_wrapper&amp;gt; &amp;lt;div id=lg&amp;gt; &amp;lt;img hidefocus=true src=//www.baidu.com/img/bd_logo1.png width=270 height=129&amp;gt; &amp;lt;/div&amp;gt; &amp;lt;form id=form name=f action=//www.baidu.com/s class=fm&amp;gt; &amp;lt;input type=hidden name=bdorz_come value=1&amp;gt; &amp;lt;input type=hidden name=ie value=utf-8&amp;gt; &amp;lt;input type=hidden name=f value=8&amp;gt; &amp;lt;input type=hidden name=rsv_bp value=1&amp;gt; &amp;lt;input type=hidden name=rsv_idx value=1&amp;gt; &amp;lt;input type=hidden name=tn value=baidu&amp;gt;&amp;lt;span class=&amp;quot;bg s_ipt_wr&amp;quot;&amp;gt;&amp;lt;input id=kw name=wd class=s_ipt value maxlength=255 autocomplete=off autofocus=autofocus&amp;gt;&amp;lt;/span&amp;gt;&amp;lt;span class=&amp;quot;bg s_btn_wr&amp;quot;&amp;gt;&amp;lt;input type=submit id=su value=百度一下 class=&amp;quot;bg s_btn&amp;quot; autofocus&amp;gt;&amp;lt;/span&amp;gt; &amp;lt;/form&amp;gt; &amp;lt;/div&amp;gt; &amp;lt;/div&amp;gt; &amp;lt;div id=u1&amp;gt; &amp;lt;a href=http://news.baidu.com name=tj_trnews class=mnav&amp;gt;新闻&amp;lt;/a&amp;gt; &amp;lt;a href=https://www.hao123.com name=tj_trhao123 class=mnav&amp;gt;hao123&amp;lt;/a&amp;gt; &amp;lt;a href=http://map.baidu.com name=tj_trmap class=mnav&amp;gt;地图&amp;lt;/a&amp;gt; &amp;lt;a href=http://v.baidu.com name=tj_trvideo class=mnav&amp;gt;视频&amp;lt;/a&amp;gt; &amp;lt;a href=http://tieba.baidu.com name=tj_trtieba class=mnav&amp;gt;贴吧&amp;lt;/a&amp;gt; &amp;lt;noscript&amp;gt; &amp;lt;a href=http://www.baidu.com/bdorz/login.gif?login&amp;amp;amp;tpl=mn&amp;amp;amp;u=http%3A%2F%2Fwww.baidu.com%2f%3fbdorz_come%3d1 name=tj_login class=lb&amp;gt;登录&amp;lt;/a&amp;gt; &amp;lt;/noscript&amp;gt; &amp;lt;script&amp;gt;document.write(&amp;apos;&amp;lt;a href=&amp;quot;http://www.baidu.com/bdorz/login.gif?login&amp;amp;tpl=mn&amp;amp;u=&amp;apos;+ encodeURIComponent(window.location.href+ (window.location.search === &amp;quot;&amp;quot; ? &amp;quot;?&amp;quot; : &amp;quot;&amp;amp;&amp;quot;)+ &amp;quot;bdorz_come=1&amp;quot;)+ &amp;apos;&amp;quot; name=&amp;quot;tj_login&amp;quot; class=&amp;quot;lb&amp;quot;&amp;gt;登录&amp;lt;/a&amp;gt;&amp;apos;);
                &amp;lt;/script&amp;gt; &amp;lt;a href=//www.baidu.com/more/ name=tj_briicon class=bri style=&amp;quot;display: block;&amp;quot;&amp;gt;更多产品&amp;lt;/a&amp;gt; &amp;lt;/div&amp;gt; &amp;lt;/div&amp;gt; &amp;lt;/div&amp;gt; &amp;lt;div id=ftCon&amp;gt; &amp;lt;div id=ftConw&amp;gt; &amp;lt;p id=lh&amp;gt; &amp;lt;a href=http://home.baidu.com&amp;gt;关于百度&amp;lt;/a&amp;gt; &amp;lt;a href=http://ir.baidu.com&amp;gt;About Baidu&amp;lt;/a&amp;gt; &amp;lt;/p&amp;gt; &amp;lt;p id=cp&amp;gt;&amp;amp;copy;2017&amp;amp;nbsp;Baidu&amp;amp;nbsp;&amp;lt;a href=http://www.baidu.com/duty/&amp;gt;使用百度前必读&amp;lt;/a&amp;gt;&amp;amp;nbsp; &amp;lt;a href=http://jianyi.baidu.com/ class=cp-feedback&amp;gt;意见反馈&amp;lt;/a&amp;gt;&amp;amp;nbsp;京ICP证030173号&amp;amp;nbsp; &amp;lt;img src=//www.baidu.com/img/gs.gif&amp;gt; &amp;lt;/p&amp;gt; &amp;lt;/div&amp;gt; &amp;lt;/div&amp;gt; &amp;lt;/div&amp;gt; &amp;lt;/body&amp;gt; &amp;lt;/html&amp;gt;
">
      <![CDATA[com.alibaba.fastjson.JSONException: syntax error, pos 1, line 1, column 2<!DOCTYPE html>
<!--STATUS OK--><html> <head><meta http-equiv=content-type content=text/html;charset=utf-8><meta http-equiv=X-UA-Compatible content=IE=Edge><meta content=always name=referrer><link rel=stylesheet type=text/css href=https://ss1.bdstatic.com/5eN1bjq8AAUYm2zgoY3K/r/www/cache/bdorz/baidu.min.css><title>百度一下，你就知道</title></head> <body link=#0000cc> <div id=wrapper> <div id=head> <div class=head_wrapper> <div class=s_form> <div class=s_form_wrapper> <div id=lg> <img hidefocus=true src=//www.baidu.com/img/bd_logo1.png width=270 height=129> </div> <form id=form name=f action=//www.baidu.com/s class=fm> <input type=hidden name=bdorz_come value=1> <input type=hidden name=ie value=utf-8> <input type=hidden name=f value=8> <input type=hidden name=rsv_bp value=1> <input type=hidden name=rsv_idx value=1> <input type=hidden name=tn value=baidu><span class="bg s_ipt_wr"><input id=kw name=wd class=s_ipt value maxlength=255 autocomplete=off autofocus=autofocus></span><span class="bg s_btn_wr"><input type=submit id=su value=百度一下 class="bg s_btn" autofocus></span> </form> </div> </div> <div id=u1> <a href=http://news.baidu.com name=tj_trnews class=mnav>新闻</a> <a href=https://www.hao123.com name=tj_trhao123 class=mnav>hao123</a> <a href=http://map.baidu.com name=tj_trmap class=mnav>地图</a> <a href=http://v.baidu.com name=tj_trvideo class=mnav>视频</a> <a href=http://tieba.baidu.com name=tj_trtieba class=mnav>贴吧</a> <noscript> <a href=http://www.baidu.com/bdorz/login.gif?login&amp;tpl=mn&amp;u=http%3A%2F%2Fwww.baidu.com%2f%3fbdorz_come%3d1 name=tj_login class=lb>登录</a> </noscript> <script>document.write('<a href="http://www.baidu.com/bdorz/login.gif?login&tpl=mn&u='+ encodeURIComponent(window.location.href+ (window.location.search === "" ? "?" : "&")+ "bdorz_come=1")+ '" name="tj_login" class="lb">登录</a>');
                </script> <a href=//www.baidu.com/more/ name=tj_briicon class=bri style="display: block;">更多产品</a> </div> </div> </div> <div id=ftCon> <div id=ftConw> <p id=lh> <a href=http://home.baidu.com>关于百度</a> <a href=http://ir.baidu.com>About Baidu</a> </p> <p id=cp>&copy;2017&nbsp;Baidu&nbsp;<a href=http://www.baidu.com/duty/>使用百度前必读</a>&nbsp; <a href=http://jianyi.baidu.com/ class=cp-feedback>意见反馈</a>&nbsp;京ICP证030173号&nbsp; <img src=//www.baidu.com/img/gs.gif> </p> </div> </div> </div> </body> </html>

	at com.alibaba.fastjson.parser.DefaultJSONParser.parse(DefaultJSONParser.java:1480)
	at com.alibaba.fastjson.parser.DefaultJSONParser.parse(DefaultJSONParser.java:1366)
	at com.alibaba.fastjson.JSON.parse(JSON.java:170)
	at com.alibaba.fastjson.JSON.parse(JSON.java:180)
	at com.alibaba.fastjson.JSON.parse(JSON.java:149)
	at com.alibaba.fastjson.JSON.parseObject(JSON.java:241)
	at com.zk.utils.HttpsUtils.doPost(HttpsUtils.java:162)
	at com.zk.test.APIautoTest.post(APIautoTest.java:38)
	at com.zk.test.APIautoTest.test1(APIautoTest.java:108)
	at com.zk.Test1.main(Test1.java:31)
... Removed 21 stack frames]]>
    </failure>
  </testcase> <!-- test1 -->
</testsuite> <!-- 测试模块 -->
